3.0  Alex  1.0  sell  2  A  27  T
3.0  Alex  1.0  sell  2  A  27  T
6.0  ?  9.0  sell  2  A  44  F
3.0  Alex  1.0  sell  2  A  27  T
6.0  ?  9.0  sell  2  A  44  F
6.0  Manda  8.0  sell  3  B  41  T
3.0  Alex  1.0  sell  2  A  27  T
6.0  ?  9.0  sell  2  A  44  F
6.0  Manda  8.0  sell  3  B  41  T
3.0  Alex  1.0  sell  2  A  27  T
6.0  ?  9.0  sell  2  A  44  F
6.0  Manda  8.0  sell  3  B  41  T
10.0  Yee  6.0  sell  3  B  45  T
3.0  Alex  1.0  sell  2  A  27  T
6.0  ?  9.0  sell  2  A  44  F
6.0  Manda  8.0  sell  3  B  41  T
10.0  Yee  6.0  sell  3  B  45  T
3.0  Alex  1.0  sell  2  A  27  T
6.0  ?  9.0  sell  2  A  44  F
6.0  Manda  8.0  sell  3  B  41  T
10.0  Yee  6.0  sell  3  B  45  T
3.0  Alex  1.0  sell  2  A  27  T
6.0  ?  9.0  sell  2  A  44  F
6.0  Manda  8.0  sell  3  B  41  T
10.0  Yee  6.0  sell  3  B  45  T
10.0  Gaynell  10.0  sell  1  D  46  F
3.0  Alex  1.0  sell  2  A  27  T
6.0  ?  9.0  sell  2  A  44  F
6.0  Manda  8.0  sell  3  B  41  T
10.0  Yee  6.0  sell  3  B  45  T
10.0  Gaynell  10.0  sell  1  D  46  F
11.0  Wilford  6.0  sell  1  D  -34  T
3.0  Alex  1.0  sell  2  A  27  T
6.0  ?  9.0  sell  2  A  44  F
6.0  Manda  8.0  sell  3  B  41  T
10.0  Yee  6.0  sell  3  B  45  T
10.0  Gaynell  10.0  sell  1  D  46  F
11.0  Wilford  6.0  sell  1  D  -34  T
14.0  Pearly  6.0  sell  1  A  16  T
3.0  Alex  1.0  sell  2  A  27  T
6.0  ?  9.0  sell  2  A  44  F
6.0  Manda  8.0  sell  3  B  41  T
10.0  Yee  6.0  sell  3  B  45  T
10.0  Gaynell  10.0  sell  1  D  46  F
11.0  Wilford  6.0  sell  1  D  -34  T
14.0  Pearly  6.0  sell  1  A  16  T
14.0  Gidget  3.0  sell  1  C  18  T
3.0  Alex  1.0  sell  2  A  27  T
3.0  Alex  1.0  sell  2  A  27  T
6.0  ?  9.0  sell  2  A  44  F
3.0  Alex  1.0  sell  2  A  27  T
6.0  ?  9.0  sell  2  A  44  F
6.0  Manda  8.0  sell  3  B  41  T
3.0  Alex  1.0  sell  2  A  27  T
6.0  ?  9.0  sell  2  A  44  F
6.0  Manda  8.0  sell  3  B  41  T
3.0  Alex  1.0  sell  2  A  27  T
6.0  ?  9.0  sell  2  A  44  F
6.0  Manda  8.0  sell  3  B  41  T
10.0  Yee  6.0  sell  3  B  45  T
3.0  Alex  1.0  sell  2  A  27  T
6.0  ?  9.0  sell  2  A  44  F
6.0  Manda  8.0  sell  3  B  41  T
10.0  Yee  6.0  sell  3  B  45  T
3.0  Alex  1.0  sell  2  A  27  T
6.0  ?  9.0  sell  2  A  44  F
6.0  Manda  8.0  sell  3  B  41  T
10.0  Yee  6.0  sell  3  B  45  T
3.0  Alex  1.0  sell  2  A  27  T
6.0  ?  9.0  sell  2  A  44  F
6.0  Manda  8.0  sell  3  B  41  T
10.0  Yee  6.0  sell  3  B  45  T
10.0  Gaynell  10.0  sell  1  D  46  F
3.0  Alex  1.0  sell  2  A  27  T
6.0  ?  9.0  sell  2  A  44  F
6.0  Manda  8.0  sell  3  B  41  T
10.0  Yee  6.0  sell  3  B  45  T
10.0  Gaynell  10.0  sell  1  D  46  F
11.0  Wilford  6.0  sell  1  D  -34  T
3.0  Alex  1.0  sell  2  A  27  T
6.0  ?  9.0  sell  2  A  44  F
6.0  Manda  8.0  sell  3  B  41  T
10.0  Yee  6.0  sell  3  B  45  T
10.0  Gaynell  10.0  sell  1  D  46  F
11.0  Wilford  6.0  sell  1  D  -34  T
14.0  Pearly  6.0  sell  1  A  16  T
3.0  Alex  1.0  sell  2  A  27  T
3.0  Alex  1.0  sell  2  A  27  T
6.0  ?  9.0  sell  2  A  44  F
3.0  Alex  1.0  sell  2  A  27  T
6.0  ?  9.0  sell  2  A  44  F
6.0  Manda  8.0  sell  3  B  41  T
3.0  Alex  1.0  sell  2  A  27  T
6.0  ?  9.0  sell  2  A  44  F
6.0  Manda  8.0  sell  3  B  41  T
3.0  Alex  1.0  sell  2  A  27  T
6.0  ?  9.0  sell  2  A  44  F
6.0  Manda  8.0  sell  3  B  41  T
10.0  Yee  6.0  sell  3  B  45  T
3.0  Neil  3.0  sell  3  B  10  T
3.0  Neil  3.0  sell  3  B  10  T
3.0  Neil  3.0  sell  3  B  10  T
4.0  Julia  3.0  sell  2  B  20  T
3.0  Neil  3.0  sell  3  B  10  T
4.0  Julia  3.0  sell  2  B  20  T
3.0  Neil  3.0  sell  3  B  10  T
4.0  Julia  3.0  sell  2  B  20  T
3.0  Neil  3.0  sell  3  B  10  T
4.0  Julia  3.0  sell  2  B  20  T
3.0  Neil  3.0  sell  3  B  10  T
4.0  Julia  3.0  sell  2  B  20  T
3.0  Neil  3.0  sell  3  B  10  T
4.0  Julia  3.0  sell  2  B  20  T
