T  0.0  0  0.0  null  0.0  sell  0  a  0  T
T  0.0  0  6.0  ?  9.0  sell  2  A  44  F
T  0.0  0  0.0  null  0.0  sell  0  a  0  T
T  0.0  0  6.0  Manda  8.0  sell  3  B  41  T
T  0.0  0  0.0  null  0.0  sell  0  a  0  T
T  0.0  0  10.0  Yee  6.0  sell  3  B  45  T
T  0.0  0  0.0  null  0.0  sell  0  a  0  T
T  0.0  0  10.0  Gaynell  10.0  sell  1  D  46  F
T  0.0  0  0.0  null  0.0  sell  0  a  0  T
T  0.0  0  11.0  Wilford  6.0  sell  1  D  -34  T
T  0.0  0  0.0  null  0.0  sell  0  a  0  T
T  0.0  0  14.0  Pearly  6.0  sell  1  A  16  T
T  0.0  0  0.0  null  0.0  sell  0  a  0  T
T  0.0  0  14.0  Gidget  3.0  sell  1  C  18  T
T  128.0  0  0.0  null  0.0  sell  0  a  0  T
T  128.0  0  15.0  Lianne  5.0  sell  4  C  26  F
T  128.0  0  0.0  null  0.0  sell  0  a  0  T
T  128.0  0  20.0  Gigi  7.0  sell  1  A  43  F
T  128.0  0  0.0  null  0.0  sell  0  a  0  T
T  128.0  0  22.0  Mercedes  5.0  sell  5  B  42  T
T  128.0  0  0.0  null  0.0  sell  0  a  0  T
T  128.0  0  23.0  Glinda  10.0  sell  4  D  31  T
T  128.0  0  0.0  null  0.0  sell  0  a  0  T
T  128.0  0  23.0  Eleanor  1.0  sell  1  E  13  F
T  128.0  0  0.0  null  0.0  sell  0  a  0  T
T  128.0  0  28.0  Gidget  9.0  sell  5  E  15  T
T  128.0  0  0.0  null  0.0  sell  0  a  0  T
T  128.0  0  33.0  Wilford  4.0  sell  3  B  30  F
T  128.0  0  0.0  null  0.0  sell  0  a  0  T
T  128.0  0  36.0  Addie  2.0  sell  2  A  12  F
T  0.0  0  0.0  null  0.0  sell  0  a  0  T
T  0.0  0  6.0  ?  9.0  sell  2  A  44  F
T  0.0  0  0.0  null  0.0  sell  0  a  0  T
T  0.0  0  6.0  Manda  8.0  sell  3  B  41  T
T  0.0  0  0.0  null  0.0  sell  0  a  0  T
T  0.0  0  10.0  Yee  6.0  sell  3  B  45  T
T  0.0  0  0.0  null  0.0  sell  0  a  0  T
T  0.0  0  10.0  Gaynell  10.0  sell  1  D  46  F
T  0.0  0  0.0  null  0.0  sell  0  a  0  T
T  0.0  0  11.0  Wilford  6.0  sell  1  D  -34  T
T  0.0  0  0.0  null  0.0  sell  0  a  0  T
T  0.0  0  14.0  Pearly  6.0  sell  1  A  16  T
T  128.0  0  0.0  null  0.0  sell  0  a  0  T
T  128.0  0  14.0  Gidget  3.0  sell  1  C  18  T
T  128.0  0  0.0  null  0.0  sell  0  a  0  T
T  128.0  0  15.0  Lianne  5.0  sell  4  C  26  F
T  128.0  0  0.0  null  0.0  sell  0  a  0  T
T  128.0  0  20.0  Gigi  7.0  sell  1  A  43  F
T  128.0  0  0.0  null  0.0  sell  0  a  0  T
T  128.0  0  22.0  Mercedes  5.0  sell  5  B  42  T
T  128.0  0  0.0  null  0.0  sell  0  a  0  T
T  128.0  0  23.0  Glinda  10.0  sell  4  D  31  T
T  128.0  0  0.0  null  0.0  sell  0  a  0  T
T  128.0  0  23.0  Eleanor  1.0  sell  1  E  13  F
T  128.0  0  0.0  null  0.0  sell  0  a  0  T
T  128.0  0  28.0  Gidget  9.0  sell  5  E  15  T
T  128.0  0  0.0  null  0.0  sell  0  a  0  T
T  128.0  0  33.0  Wilford  4.0  sell  3  B  30  F
T  128.0  0  0.0  null  0.0  sell  0  a  0  T
T  128.0  0  36.0  Addie  2.0  sell  2  A  12  F
T  0.0  0  0.0  null  0.0  sell  0  a  0  T
T  0.0  0  6.0  ?  9.0  sell  2  A  44  F
T  0.0  0  0.0  null  0.0  sell  0  a  0  T
T  0.0  0  6.0  Manda  8.0  sell  3  B  41  T
T  0.0  0  0.0  null  0.0  sell  0  a  0  T
T  0.0  0  10.0  Yee  6.0  sell  3  B  45  T
T  128.0  0  0.0  null  0.0  sell  0  a  0  T
T  128.0  0  10.0  Gaynell  10.0  sell  1  D  46  F
T  128.0  0  0.0  null  0.0  sell  0  a  0  T
T  128.0  0  11.0  Wilford  6.0  sell  1  D  -34  T
T  128.0  0  0.0  null  0.0  sell  0  a  0  T
T  128.0  0  14.0  Pearly  6.0  sell  1  A  16  T
T  128.0  0  0.0  null  0.0  sell  0  a  0  T
T  128.0  0  14.0  Gidget  3.0  sell  1  C  18  T
T  128.0  0  0.0  null  0.0  sell  0  a  0  T
T  128.0  0  15.0  Lianne  5.0  sell  4  C  26  F
T  128.0  0  0.0  null  0.0  sell  0  a  0  T
T  128.0  0  20.0  Gigi  7.0  sell  1  A  43  F
T  128.0  0  0.0  null  0.0  sell  0  a  0  T
T  128.0  0  22.0  Mercedes  5.0  sell  5  B  42  T
T  128.0  0  0.0  null  0.0  sell  0  a  0  T
T  128.0  0  23.0  Glinda  10.0  sell  4  D  31  T
T  128.0  0  0.0  null  0.0  sell  0  a  0  T
T  128.0  0  23.0  Eleanor  1.0  sell  1  E  13  F
T  128.0  0  0.0  null  0.0  sell  0  a  0  T
T  128.0  0  28.0  Gidget  9.0  sell  5  E  15  T
T  128.0  0  0.0  null  0.0  sell  0  a  0  T
T  128.0  0  33.0  Wilford  4.0  sell  3  B  30  F
T  128.0  0  0.0  null  0.0  sell  0  a  0  T
T  128.0  0  36.0  Addie  2.0  sell  2  A  12  F
T  0.0  0  0.0  null  0.0  sell  0  a  0  T
T  0.0  0  4.0  Julia  3.0  sell  2  B  20  T
