2.0  Kathy  8.0  buy  5  A  37  T
3.0  Alex  1.0  sell  2  A  27  T
6.0  ?  9.0  sell  2  A  44  F
6.0  Manda  8.0  sell  3  B  41  T
8.0  Melania  5.0  buy  4  C  16  F
10.0  Yee  6.0  sell  3  B  45  T
10.0  Addie  3.0  buy  2  A  50  T
10.0  Vasiliki  5.0  buy  5  C  31  T
10.0  Gaynell  10.0  sell  1  D  46  F
11.0  Wilford  6.0  sell  1  D  -34  T
14.0  Pearly  6.0  sell  1  A  16  T
14.0  Gidget  3.0  sell  1  C  18  T
15.0  Lianne  5.0  sell  4  C  26  F
19.0  Ashli  7.0  buy  3  D  40  T
20.0  Gigi  7.0  sell  1  A  43  F
22.0  Mercedes  5.0  sell  5  B  42  T
22.0  Jeanmarie  4.0  buy  4  C  23  F
23.0  Glinda  10.0  sell  4  D  31  T
23.0  Eleanor  1.0  sell  1  E  13  F
25.0  Hal  9.0  buy  5  F  14  T
28.0  Gidget  9.0  sell  5  E  15  T
30.0  Vasiliki  8.0  buy  5  E  37  T
30.0  Brett  2.0  buy  5  A  30  F
33.0  Yee  3.0  buy  4  G  17  F
33.0  Wilford  4.0  sell  3  B  30  F
34.0  Ashli  7.0  buy  1  A  16  T
36.0  Addie  2.0  sell  2  A  12  F
37.0  Pearly  7.0  buy  1  F  44  F
37.0  Alex  2.0  buy  1  C  32  F
38.0  Brett  7.0  buy  5  D  48  F
2.0  Kathy  8.0  buy  5  A  37  T
3.0  Alex  1.0  sell  2  A  27  T
6.0  ?  9.0  sell  2  A  44  F
6.0  Manda  8.0  sell  3  B  41  T
8.0  Melania  5.0  buy  4  C  16  F
10.0  Yee  6.0  sell  3  B  45  T
10.0  Addie  3.0  buy  2  A  50  T
10.0  Vasiliki  5.0  buy  5  C  31  T
10.0  Gaynell  10.0  sell  1  D  46  F
11.0  Wilford  6.0  sell  1  D  -34  T
14.0  Pearly  6.0  sell  1  A  16  T
14.0  Gidget  3.0  sell  1  C  18  T
15.0  Lianne  5.0  sell  4  C  26  F
19.0  Ashli  7.0  buy  3  D  40  T
20.0  Gigi  7.0  sell  1  A  43  F
22.0  Mercedes  5.0  sell  5  B  42  T
22.0  Jeanmarie  4.0  buy  4  C  23  F
23.0  Glinda  10.0  sell  4  D  31  T
23.0  Eleanor  1.0  sell  1  E  13  F
25.0  Hal  9.0  buy  5  F  14  T
28.0  Gidget  9.0  sell  5  E  15  T
30.0  Vasiliki  8.0  buy  5  E  37  T
30.0  Brett  2.0  buy  5  A  30  F
33.0  Yee  3.0  buy  4  G  17  F
33.0  Wilford  4.0  sell  3  B  30  F
34.0  Ashli  7.0  buy  1  A  16  T
36.0  Addie  2.0  sell  2  A  12  F
37.0  Pearly  7.0  buy  1  F  44  F
37.0  Alex  2.0  buy  1  C  32  F
38.0  Brett  7.0  buy  5  D  48  F
2.0  Kathy  8.0  buy  5  A  37  T
3.0  Alex  1.0  sell  2  A  27  T
6.0  ?  9.0  sell  2  A  44  F
6.0  Manda  8.0  sell  3  B  41  T
8.0  Melania  5.0  buy  4  C  16  F
10.0  Yee  6.0  sell  3  B  45  T
10.0  Addie  3.0  buy  2  A  50  T
10.0  Vasiliki  5.0  buy  5  C  31  T
10.0  Gaynell  10.0  sell  1  D  46  F
11.0  Wilford  6.0  sell  1  D  -34  T
14.0  Pearly  6.0  sell  1  A  16  T
14.0  Gidget  3.0  sell  1  C  18  T
15.0  Lianne  5.0  sell  4  C  26  F
19.0  Ashli  7.0  buy  3  D  40  T
20.0  Gigi  7.0  sell  1  A  43  F
22.0  Mercedes  5.0  sell  5  B  42  T
22.0  Jeanmarie  4.0  buy  4  C  23  F
23.0  Glinda  10.0  sell  4  D  31  T
23.0  Eleanor  1.0  sell  1  E  13  F
25.0  Hal  9.0  buy  5  F  14  T
28.0  Gidget  9.0  sell  5  E  15  T
30.0  Vasiliki  8.0  buy  5  E  37  T
30.0  Brett  2.0  buy  5  A  30  F
33.0  Yee  3.0  buy  4  G  17  F
33.0  Wilford  4.0  sell  3  B  30  F
34.0  Ashli  7.0  buy  1  A  16  T
36.0  Addie  2.0  sell  2  A  12  F
37.0  Pearly  7.0  buy  1  F  44  F
37.0  Alex  2.0  buy  1  C  32  F
38.0  Brett  7.0  buy  5  D  48  F
1.0  David  1.0  sell  2  A  20  T
3.0  Neil  3.0  sell  3  B  10  T
3.0  Bob  2.0  buy  2  A  -10  F
4.0  Julia  3.0  sell  2  B  20  T
5.0  Ben  4.0  buy  4  B  20  T
Exception  java.lang.NumberFormatException
Exception  java.lang.NumberFormatException
Exception  java.lang.NumberFormatException
Exception  java.lang.NumberFormatException
